<?xml version="1.0" encoding="UTF-8"?>
<robot generator="Robot 5.0.1 (Python 3.9.0 on win32)" generated="20220627 17:48:21.272" rpa="false" schemaversion="3">
<suite id="s1" name="TC 01" source="C:\Users\haittd\Documents\hai\automation\RobotPractice\testcases\TC_01.robot">
<test id="s1-t1" name="TC2" line="41">
<kw name="Open Web Page" library="common_keywords">
<kw name="Open Browser" library="SeleniumLibrary">
<arg>${url}</arg>
<arg>chrome</arg>
<doc>Opens a new browser instance to the optional ``url``.</doc>
<msg timestamp="20220627 17:48:21.444" level="INFO">Opening browser 'chrome' to base url 'https://btmc.vn/'.</msg>
<status status="PASS" starttime="20220627 17:48:21.444" endtime="20220627 17:49:16.524"/>
</kw>
<kw name="Set Selenium Speed" library="SeleniumLibrary">
<arg>0.2</arg>
<doc>Sets the delay that is waited after each Selenium command.</doc>
<status status="PASS" starttime="20220627 17:49:16.525" endtime="20220627 17:49:16.526"/>
</kw>
<kw name="Maximize Browser Window" library="SeleniumLibrary">
<doc>Maximizes current browser window.</doc>
<status status="PASS" starttime="20220627 17:49:16.526" endtime="20220627 17:49:17.016"/>
</kw>
<kw name="Click Element" library="common_keywords">
<arg>${dictBTMC.adCloseButton}</arg>
<kw name="Wait Until Element Is Visible" library="SeleniumLibrary">
<arg>${locator}</arg>
<arg>timeout=${TIMEOUT}</arg>
<doc>Waits until the element ``locator`` is visible.</doc>
<status status="PASS" starttime="20220627 17:49:17.019" endtime="20220627 17:49:17.542"/>
</kw>
<kw name="Click Element" library="SeleniumLibrary">
<arg>${locator}</arg>
<doc>Click the element identified by ``locator``.</doc>
<msg timestamp="20220627 17:49:17.542" level="INFO">Clicking element 'css=span#close1adModal'.</msg>
<status status="PASS" starttime="20220627 17:49:17.542" endtime="20220627 17:49:18.068"/>
</kw>
<status status="PASS" starttime="20220627 17:49:17.016" endtime="20220627 17:49:18.068"/>
</kw>
<status status="PASS" starttime="20220627 17:48:21.444" endtime="20220627 17:49:18.069"/>
</kw>
<kw name="Sleep" library="BuiltIn">
<arg>2s</arg>
<doc>Pauses the test executed for the given time.</doc>
<msg timestamp="20220627 17:49:20.073" level="INFO">Slept 2 seconds</msg>
<status status="PASS" starttime="20220627 17:49:18.070" endtime="20220627 17:49:20.073"/>
</kw>
<kw name="Get Text" library="SeleniumLibrary">
<var>${a}</var>
<arg>//span[@class='mr-5']//parent::h3</arg>
<doc>Returns the text value of the element identified by ``locator``.</doc>
<msg timestamp="20220627 17:49:20.504" level="INFO">${a} = GIÁ VÀNG KHU VỰC HÀ NỘI (Hanoi’s Gold Price) ĐVT 1 = 1.000 VNĐ</msg>
<status status="PASS" starttime="20220627 17:49:20.073" endtime="20220627 17:49:20.504"/>
</kw>
<kw name="Log To Console" library="BuiltIn">
<arg>gia tri: ${a}</arg>
<doc>Logs the given message to the console.</doc>
<status status="PASS" starttime="20220627 17:49:20.504" endtime="20220627 17:49:20.505"/>
</kw>
<kw name="Close Web Page" library="common_keywords">
<kw name="Close Browser" library="SeleniumLibrary">
<doc>Closes the current browser.</doc>
<status status="PASS" starttime="20220627 17:49:20.505" endtime="20220627 17:49:22.886"/>
</kw>
<status status="PASS" starttime="20220627 17:49:20.505" endtime="20220627 17:49:22.887"/>
</kw>
<status status="PASS" starttime="20220627 17:48:21.443" endtime="20220627 17:49:22.889"/>
</test>
<status status="PASS" starttime="20220627 17:48:21.274" endtime="20220627 17:49:22.893"/>
</suite>
<statistics>
<total>
<stat pass="1" fail="0" skip="0">All Tests</stat>
</total>
<tag>
</tag>
<suite>
<stat pass="1" fail="0" skip="0" id="s1" name="TC 01">TC 01</stat>
</suite>
</statistics>
<errors>
</errors>
</robot>
