<?xml version="1.0" encoding="UTF-8"?>
<robot generator="Robot 5.0.1 (Python 3.9.0 on win32)" generated="20220710 17:44:23.410" rpa="false" schemaversion="3">
<suite id="s1" name="Testcases" source="C:\Users\haittd\Documents\hai\automation\test\testcases">
<suite id="s1-s1" name="TC 01" source="C:\Users\haittd\Documents\hai\automation\test\testcases\TC_01.robot">
<test id="s1-s1-t1" name="TC1: Compare price between BTMC price with SJC price" line="15">
<kw name="Open Web Page" library="common_keywords">
<arg>${url.btmc}</arg>
<kw name="Open Browser" library="SeleniumLibrary">
<arg>${url}</arg>
<arg>ff</arg>
<doc>Opens a new browser instance to the optional ``url``.</doc>
<msg timestamp="20220710 17:44:23.589" level="INFO">Opening browser 'ff' to base url 'https://btmc.vn/'.</msg>
<msg timestamp="20220710 17:44:23.590" level="INFO">Firefox driver log is always forced to to: C:\Users\haittd\Documents\hai\automation\test\results\geckodriver-1.log</msg>
<status status="PASS" starttime="20220710 17:44:23.589" endtime="20220710 17:47:39.724"/>
</kw>
<kw name="Set Selenium Speed" library="SeleniumLibrary">
<arg>0.2</arg>
<doc>Sets the delay that is waited after each Selenium command.</doc>
<status status="PASS" starttime="20220710 17:47:39.724" endtime="20220710 17:47:39.725"/>
</kw>
<kw name="Maximize Browser Window" library="SeleniumLibrary">
<doc>Maximizes current browser window.</doc>
<status status="PASS" starttime="20220710 17:47:39.725" endtime="20220710 17:47:39.946"/>
</kw>
<status status="PASS" starttime="20220710 17:44:23.588" endtime="20220710 17:47:39.947"/>
</kw>
<kw name="Compare price between BTMC price and SJC price">
<kw name="Compare price in 1 ounce" library="btmc">
<arg>${type.sjc}</arg>
<arg>${type.btmc}</arg>
<kw name="Calculate price of 1 ounce" library="btmc">
<var>${price1}</var>
<arg>${gold1}</arg>
<kw name="Get unit price" library="btmc">
<var>${price_unit}</var>
<kw name="Verify price unit is visible" library="btmc">
<kw name="Verify Element Is Visible" library="common_keywords">
<arg>${dictBTMC.priceUnit}</arg>
<kw name="Wait Until Page Contains Element" library="SeleniumLibrary">
<arg>${locator}</arg>
<arg>timeout=${TIMEOUT}</arg>
<doc>Waits until the element ``locator`` appears on the current page.</doc>
<status status="PASS" starttime="20220710 17:47:39.961" endtime="20220710 17:47:40.211"/>
</kw>
<kw name="Wait Until Element Is Visible" library="SeleniumLibrary">
<arg>${locator}</arg>
<arg>timeout=${TIMEOUT}</arg>
<doc>Waits until the element ``locator`` is visible.</doc>
<status status="PASS" starttime="20220710 17:47:40.211" endtime="20220710 17:47:40.694"/>
</kw>
<status status="PASS" starttime="20220710 17:47:39.958" endtime="20220710 17:47:40.694"/>
</kw>
<status status="PASS" starttime="20220710 17:47:39.957" endtime="20220710 17:47:40.695"/>
</kw>
<kw name="Get Text" library="SeleniumLibrary">
<var>${text_price_unit}</var>
<arg>${dictBTMC.priceUnit}</arg>
<doc>Returns the text value of the element identified by ``locator``.</doc>
<msg timestamp="20220710 17:47:41.143" level="INFO">${text_price_unit} = GIÁ VÀNG KHU VỰC HÀ NỘI (Hanoi’s Gold Price) ĐVT 1 = 1.000 VNĐ</msg>
<status status="PASS" starttime="20220710 17:47:40.695" endtime="20220710 17:47:41.143"/>
</kw>
<kw name="Get Substring" library="String">
<var>${price_unit}</var>
<arg>${text_price_unit}</arg>
<arg>-9</arg>
<doc>Returns a substring from ``start`` index to ``end`` index.</doc>
<msg timestamp="20220710 17:47:41.145" level="INFO">${price_unit} = 1.000 VNĐ</msg>
<status status="PASS" starttime="20220710 17:47:41.144" endtime="20220710 17:47:41.145"/>
</kw>
<kw name="Remove String" library="String">
<var>${price_unit}</var>
<arg>${price_unit}</arg>
<arg>.</arg>
<arg>VNĐ</arg>
<doc>Removes all ``removables`` from the given ``string``.</doc>
<msg timestamp="20220710 17:47:41.146" level="INFO">${price_unit} = 1000 </msg>
<status status="PASS" starttime="20220710 17:47:41.145" endtime="20220710 17:47:41.146"/>
</kw>
<kw name="Convert To Number" library="BuiltIn">
<arg>${price_unit}</arg>
<doc>Converts the given item to a floating point number.</doc>
<status status="PASS" starttime="20220710 17:47:41.147" endtime="20220710 17:47:41.148"/>
</kw>
<msg timestamp="20220710 17:47:41.148" level="INFO">${price_unit} = 1000 </msg>
<status status="PASS" starttime="20220710 17:47:39.956" endtime="20220710 17:47:41.149"/>
</kw>
<kw name="Get price of 1/10 ounce" library="btmc">
<var>${price}</var>
<arg>${type}</arg>
<kw name="Verify price table is visible" library="btmc">
<kw name="Verify Element Is Visible" library="common_keywords">
<arg>${dictBTMC.priceTable}</arg>
<kw name="Wait Until Page Contains Element" library="SeleniumLibrary">
<arg>${locator}</arg>
<arg>timeout=${TIMEOUT}</arg>
<doc>Waits until the element ``locator`` appears on the current page.</doc>
<status status="PASS" starttime="20220710 17:47:41.154" endtime="20220710 17:47:41.376"/>
</kw>
<kw name="Wait Until Element Is Visible" library="SeleniumLibrary">
<arg>${locator}</arg>
<arg>timeout=${TIMEOUT}</arg>
<doc>Waits until the element ``locator`` is visible.</doc>
<status status="PASS" starttime="20220710 17:47:41.376" endtime="20220710 17:47:41.856"/>
</kw>
<status status="PASS" starttime="20220710 17:47:41.151" endtime="20220710 17:47:41.856"/>
</kw>
<status status="PASS" starttime="20220710 17:47:41.150" endtime="20220710 17:47:41.857"/>
</kw>
<kw name="Get WebElements" library="SeleniumLibrary">
<var>@{list_type}</var>
<arg>${dictBTMC.typeOfGoldList}</arg>
<doc>Returns a list of WebElement objects matching the ``locator``.</doc>
<msg timestamp="20220710 17:47:42.088" level="INFO">@{list_type} = [ &lt;selenium.webdriver.firefox.webelement.FirefoxWebElement (session="3b04ab21-83fb-4858-a17a-1827dda9fa43", element="bc5d9613-d7c8-4240-a906-14e80fc7a993")&gt; | &lt;selenium.webdriver.firefox.webelement.Fi...</msg>
<status status="PASS" starttime="20220710 17:47:41.857" endtime="20220710 17:47:42.088"/>
</kw>
<kw name="Create List" library="BuiltIn">
<var>${type_of_gold}</var>
<doc>Returns a list containing given items.</doc>
<msg timestamp="20220710 17:47:42.090" level="INFO">${type_of_gold} = []</msg>
<status status="PASS" starttime="20220710 17:47:42.089" endtime="20220710 17:47:42.090"/>
</kw>
<for flavor="IN">
<var>${locator}</var>
<value>@{list_type}</value>
<iter>
<var name="${locator}">&lt;selenium.webdriver.firefox.webelement.FirefoxWebElement (session="3b04ab21-83fb-4858-a17a-1827dda9fa43", element="bc5d9613-d7c8-4240-a906-14e80fc7a993")&gt;</var>
<kw name="Get Text" library="SeleniumLibrary">
<var>${name}</var>
<arg>${locator}</arg>
<doc>Returns the text value of the element identified by ``locator``.</doc>
<msg timestamp="20220710 17:47:42.321" level="INFO">${name} = VÀNG MIẾNG VRTL</msg>
<status status="PASS" starttime="20220710 17:47:42.091" endtime="20220710 17:47:42.321"/>
</kw>
<kw name="Append To List" library="Collections">
<arg>${type_of_gold}</arg>
<arg>${name}</arg>
<doc>Adds ``values`` to the end of ``list``.</doc>
<status status="PASS" starttime="20220710 17:47:42.322" endtime="20220710 17:47:42.323"/>
</kw>
<status status="PASS" starttime="20220710 17:47:42.091" endtime="20220710 17:47:42.324"/>
</iter>
<iter>
<var name="${locator}">&lt;selenium.webdriver.firefox.webelement.FirefoxWebElement (session="3b04ab21-83fb-4858-a17a-1827dda9fa43", element="93f5b5ab-c04c-4359-b1f3-fab05476dc18")&gt;</var>
<kw name="Get Text" library="SeleniumLibrary">
<var>${name}</var>
<arg>${locator}</arg>
<doc>Returns the text value of the element identified by ``locator``.</doc>
<msg timestamp="20220710 17:47:42.552" level="INFO">${name} = NHẪN TRÒN TRƠN</msg>
<status status="PASS" starttime="20220710 17:47:42.324" endtime="20220710 17:47:42.552"/>
</kw>
<kw name="Append To List" library="Collections">
<arg>${type_of_gold}</arg>
<arg>${name}</arg>
<doc>Adds ``values`` to the end of ``list``.</doc>
<status status="PASS" starttime="20220710 17:47:42.553" endtime="20220710 17:47:42.554"/>
</kw>
<status status="PASS" starttime="20220710 17:47:42.324" endtime="20220710 17:47:42.554"/>
</iter>
<iter>
<var name="${locator}">&lt;selenium.webdriver.firefox.webelement.FirefoxWebElement (session="3b04ab21-83fb-4858-a17a-1827dda9fa43", element="ae5b9ac5-84b2-4f30-ba17-7735dc03d4b2")&gt;</var>
<kw name="Get Text" library="SeleniumLibrary">
<var>${name}</var>
<arg>${locator}</arg>
<doc>Returns the text value of the element identified by ``locator``.</doc>
<msg timestamp="20220710 17:47:42.784" level="INFO">${name} = QUÀ MỪNG
BẢN VỊ VÀNG</msg>
<status status="PASS" starttime="20220710 17:47:42.556" endtime="20220710 17:47:42.784"/>
</kw>
<kw name="Append To List" library="Collections">
<arg>${type_of_gold}</arg>
<arg>${name}</arg>
<doc>Adds ``values`` to the end of ``list``.</doc>
<status status="PASS" starttime="20220710 17:47:42.785" endtime="20220710 17:47:42.786"/>
</kw>
<status status="PASS" starttime="20220710 17:47:42.555" endtime="20220710 17:47:42.786"/>
</iter>
<iter>
<var name="${locator}">&lt;selenium.webdriver.firefox.webelement.FirefoxWebElement (session="3b04ab21-83fb-4858-a17a-1827dda9fa43", element="a6e217a1-a637-4a90-b7ca-065a4de5d75e")&gt;</var>
<kw name="Get Text" library="SeleniumLibrary">
<var>${name}</var>
<arg>${locator}</arg>
<doc>Returns the text value of the element identified by ``locator``.</doc>
<msg timestamp="20220710 17:47:43.015" level="INFO">${name} = VÀNG MIẾNG SJC</msg>
<status status="PASS" starttime="20220710 17:47:42.787" endtime="20220710 17:47:43.015"/>
</kw>
<kw name="Append To List" library="Collections">
<arg>${type_of_gold}</arg>
<arg>${name}</arg>
<doc>Adds ``values`` to the end of ``list``.</doc>
<status status="PASS" starttime="20220710 17:47:43.016" endtime="20220710 17:47:43.017"/>
</kw>
<status status="PASS" starttime="20220710 17:47:42.786" endtime="20220710 17:47:43.017"/>
</iter>
<iter>
<var name="${locator}">&lt;selenium.webdriver.firefox.webelement.FirefoxWebElement (session="3b04ab21-83fb-4858-a17a-1827dda9fa43", element="bbc949d1-09ab-4e20-a4f5-518fbe15d073")&gt;</var>
<kw name="Get Text" library="SeleniumLibrary">
<var>${name}</var>
<arg>${locator}</arg>
<doc>Returns the text value of the element identified by ``locator``.</doc>
<msg timestamp="20220710 17:47:43.246" level="INFO">${name} = VÀNG TRANG SỨC 999.9</msg>
<status status="PASS" starttime="20220710 17:47:43.018" endtime="20220710 17:47:43.246"/>
</kw>
<kw name="Append To List" library="Collections">
<arg>${type_of_gold}</arg>
<arg>${name}</arg>
<doc>Adds ``values`` to the end of ``list``.</doc>
<status status="PASS" starttime="20220710 17:47:43.247" endtime="20220710 17:47:43.248"/>
</kw>
<status status="PASS" starttime="20220710 17:47:43.017" endtime="20220710 17:47:43.248"/>
</iter>
<iter>
<var name="${locator}">&lt;selenium.webdriver.firefox.webelement.FirefoxWebElement (session="3b04ab21-83fb-4858-a17a-1827dda9fa43", element="d9f8071a-a44b-46be-8a5d-1791548e349a")&gt;</var>
<kw name="Get Text" library="SeleniumLibrary">
<var>${name}</var>
<arg>${locator}</arg>
<doc>Returns the text value of the element identified by ``locator``.</doc>
<msg timestamp="20220710 17:47:43.477" level="INFO">${name} = VÀNG TRANG SỨC 99.9</msg>
<status status="PASS" starttime="20220710 17:47:43.249" endtime="20220710 17:47:43.477"/>
</kw>
<kw name="Append To List" library="Collections">
<arg>${type_of_gold}</arg>
<arg>${name}</arg>
<doc>Adds ``values`` to the end of ``list``.</doc>
<status status="PASS" starttime="20220710 17:47:43.478" endtime="20220710 17:47:43.479"/>
</kw>
<status status="PASS" starttime="20220710 17:47:43.248" endtime="20220710 17:47:43.479"/>
</iter>
<iter>
<var name="${locator}">&lt;selenium.webdriver.firefox.webelement.FirefoxWebElement (session="3b04ab21-83fb-4858-a17a-1827dda9fa43", element="3e890ade-ebf4-42f3-bb04-fdb1de848559")&gt;</var>
<kw name="Get Text" library="SeleniumLibrary">
<var>${name}</var>
<arg>${locator}</arg>
<doc>Returns the text value of the element identified by ``locator``.</doc>
<msg timestamp="20220710 17:47:43.710" level="INFO">${name} = VÀNG HTBT</msg>
<status status="PASS" starttime="20220710 17:47:43.479" endtime="20220710 17:47:43.710"/>
</kw>
<kw name="Append To List" library="Collections">
<arg>${type_of_gold}</arg>
<arg>${name}</arg>
<doc>Adds ``values`` to the end of ``list``.</doc>
<status status="PASS" starttime="20220710 17:47:43.711" endtime="20220710 17:47:43.712"/>
</kw>
<status status="PASS" starttime="20220710 17:47:43.479" endtime="20220710 17:47:43.712"/>
</iter>
<iter>
<var name="${locator}">&lt;selenium.webdriver.firefox.webelement.FirefoxWebElement (session="3b04ab21-83fb-4858-a17a-1827dda9fa43", element="ed71784e-399e-4114-97f3-cd556412bbe1")&gt;</var>
<kw name="Get Text" library="SeleniumLibrary">
<var>${name}</var>
<arg>${locator}</arg>
<doc>Returns the text value of the element identified by ``locator``.</doc>
<msg timestamp="20220710 17:47:43.928" level="INFO">${name} = VÀNG NGUYÊN LIỆU</msg>
<status status="PASS" starttime="20220710 17:47:43.712" endtime="20220710 17:47:43.928"/>
</kw>
<kw name="Append To List" library="Collections">
<arg>${type_of_gold}</arg>
<arg>${name}</arg>
<doc>Adds ``values`` to the end of ``list``.</doc>
<status status="PASS" starttime="20220710 17:47:43.929" endtime="20220710 17:47:43.930"/>
</kw>
<status status="PASS" starttime="20220710 17:47:43.712" endtime="20220710 17:47:43.930"/>
</iter>
<status status="PASS" starttime="20220710 17:47:42.090" endtime="20220710 17:47:43.930"/>
</for>
<kw name="Length Should Be" library="BuiltIn">
<arg>${type_of_gold}</arg>
<arg>${8}</arg>
<doc>Verifies that the length of the given item is correct.</doc>
<msg timestamp="20220710 17:47:43.932" level="INFO">Length is 8</msg>
<status status="PASS" starttime="20220710 17:47:43.930" endtime="20220710 17:47:43.932"/>
</kw>
<kw name="Get Index From List" library="Collections">
<var>${index}</var>
<arg>${type_of_gold}</arg>
<arg>${type}</arg>
<doc>Returns the index of the first occurrence of the ``value`` on the list.</doc>
<msg timestamp="20220710 17:47:43.934" level="INFO">${index} = 3</msg>
<status status="PASS" starttime="20220710 17:47:43.933" endtime="20220710 17:47:43.934"/>
</kw>
<if>
<branch type="IF" condition="${index} &gt; -1">
<kw name="Evaluate" library="BuiltIn">
<var>${row_index}</var>
<arg>2+${index}</arg>
<doc>Evaluates the given expression in Python and returns the result.</doc>
<msg timestamp="20220710 17:47:43.936" level="INFO">${row_index} = 5</msg>
<status status="PASS" starttime="20220710 17:47:43.935" endtime="20220710 17:47:43.936"/>
</kw>
<kw name="Get Table Cell" library="SeleniumLibrary">
<var>${price}</var>
<arg>${dictBTMC.priceTable}</arg>
<arg>${row_index}</arg>
<arg>5</arg>
<doc>Returns contents of a table cell.</doc>
<msg timestamp="20220710 17:47:45.258" level="INFO">${price} = 6854</msg>
<status status="PASS" starttime="20220710 17:47:43.937" endtime="20220710 17:47:45.259"/>
</kw>
<kw name="Return From Keyword" library="BuiltIn">
<arg>${price}</arg>
<doc>Returns from the enclosing user keyword.</doc>
<msg timestamp="20220710 17:47:45.261" level="INFO">Returning from the enclosing user keyword.</msg>
<status status="PASS" starttime="20220710 17:47:45.260" endtime="20220710 17:47:45.263"/>
</kw>
<status status="PASS" starttime="20220710 17:47:43.935" endtime="20220710 17:47:45.263"/>
</branch>
<branch type="ELSE">
<kw name="Return From Keyword" library="BuiltIn">
<arg>Log</arg>
<arg>There is no ${type} in gold list</arg>
<doc>Returns from the enclosing user keyword.</doc>
<status status="NOT RUN" starttime="20220710 17:47:45.264" endtime="20220710 17:47:45.265"/>
</kw>
<status status="NOT RUN" starttime="20220710 17:47:45.264" endtime="20220710 17:47:45.265"/>
</branch>
<status status="PASS" starttime="20220710 17:47:43.934" endtime="20220710 17:47:45.265"/>
</if>
<msg timestamp="20220710 17:47:45.266" level="INFO">${price} = 6854</msg>
<status status="PASS" starttime="20220710 17:47:41.149" endtime="20220710 17:47:45.266"/>
</kw>
<kw name="Evaluate" library="BuiltIn">
<var>${price_1_ounce}</var>
<arg>10*${price_unit}*${price}</arg>
<doc>Evaluates the given expression in Python and returns the result.</doc>
<msg timestamp="20220710 17:47:45.268" level="INFO">${price_1_ounce} = 68540000</msg>
<status status="PASS" starttime="20220710 17:47:45.266" endtime="20220710 17:47:45.268"/>
</kw>
<msg timestamp="20220710 17:47:45.269" level="INFO">${price1} = 68540000</msg>
<status status="PASS" starttime="20220710 17:47:39.955" endtime="20220710 17:47:45.269"/>
</kw>
<kw name="Calculate price of 1 ounce" library="btmc">
<var>${price2}</var>
<arg>${gold2}</arg>
<kw name="Get unit price" library="btmc">
<var>${price_unit}</var>
<kw name="Verify price unit is visible" library="btmc">
<kw name="Verify Element Is Visible" library="common_keywords">
<arg>${dictBTMC.priceUnit}</arg>
<kw name="Wait Until Page Contains Element" library="SeleniumLibrary">
<arg>${locator}</arg>
<arg>timeout=${TIMEOUT}</arg>
<doc>Waits until the element ``locator`` appears on the current page.</doc>
<status status="PASS" starttime="20220710 17:47:45.277" endtime="20220710 17:47:45.492"/>
</kw>
<kw name="Wait Until Element Is Visible" library="SeleniumLibrary">
<arg>${locator}</arg>
<arg>timeout=${TIMEOUT}</arg>
<doc>Waits until the element ``locator`` is visible.</doc>
<status status="PASS" starttime="20220710 17:47:45.493" endtime="20220710 17:47:45.956"/>
</kw>
<status status="PASS" starttime="20220710 17:47:45.274" endtime="20220710 17:47:45.957"/>
</kw>
<status status="PASS" starttime="20220710 17:47:45.273" endtime="20220710 17:47:45.957"/>
</kw>
<kw name="Get Text" library="SeleniumLibrary">
<var>${text_price_unit}</var>
<arg>${dictBTMC.priceUnit}</arg>
<doc>Returns the text value of the element identified by ``locator``.</doc>
<msg timestamp="20220710 17:47:46.387" level="INFO">${text_price_unit} = GIÁ VÀNG KHU VỰC HÀ NỘI (Hanoi’s Gold Price) ĐVT 1 = 1.000 VNĐ</msg>
<status status="PASS" starttime="20220710 17:47:45.958" endtime="20220710 17:47:46.387"/>
</kw>
<kw name="Get Substring" library="String">
<var>${price_unit}</var>
<arg>${text_price_unit}</arg>
<arg>-9</arg>
<doc>Returns a substring from ``start`` index to ``end`` index.</doc>
<msg timestamp="20220710 17:47:46.389" level="INFO">${price_unit} = 1.000 VNĐ</msg>
<status status="PASS" starttime="20220710 17:47:46.388" endtime="20220710 17:47:46.389"/>
</kw>
<kw name="Remove String" library="String">
<var>${price_unit}</var>
<arg>${price_unit}</arg>
<arg>.</arg>
<arg>VNĐ</arg>
<doc>Removes all ``removables`` from the given ``string``.</doc>
<msg timestamp="20220710 17:47:46.390" level="INFO">${price_unit} = 1000 </msg>
<status status="PASS" starttime="20220710 17:47:46.389" endtime="20220710 17:47:46.390"/>
</kw>
<kw name="Convert To Number" library="BuiltIn">
<arg>${price_unit}</arg>
<doc>Converts the given item to a floating point number.</doc>
<status status="PASS" starttime="20220710 17:47:46.391" endtime="20220710 17:47:46.392"/>
</kw>
<msg timestamp="20220710 17:47:46.392" level="INFO">${price_unit} = 1000 </msg>
<status status="PASS" starttime="20220710 17:47:45.272" endtime="20220710 17:47:46.392"/>
</kw>
<kw name="Get price of 1/10 ounce" library="btmc">
<var>${price}</var>
<arg>${type}</arg>
<kw name="Verify price table is visible" library="btmc">
<kw name="Verify Element Is Visible" library="common_keywords">
<arg>${dictBTMC.priceTable}</arg>
<kw name="Wait Until Page Contains Element" library="SeleniumLibrary">
<arg>${locator}</arg>
<arg>timeout=${TIMEOUT}</arg>
<doc>Waits until the element ``locator`` appears on the current page.</doc>
<status status="PASS" starttime="20220710 17:47:46.398" endtime="20220710 17:47:46.620"/>
</kw>
<kw name="Wait Until Element Is Visible" library="SeleniumLibrary">
<arg>${locator}</arg>
<arg>timeout=${TIMEOUT}</arg>
<doc>Waits until the element ``locator`` is visible.</doc>
<status status="PASS" starttime="20220710 17:47:46.620" endtime="20220710 17:47:47.086"/>
</kw>
<status status="PASS" starttime="20220710 17:47:46.395" endtime="20220710 17:47:47.086"/>
</kw>
<status status="PASS" starttime="20220710 17:47:46.394" endtime="20220710 17:47:47.087"/>
</kw>
<kw name="Get WebElements" library="SeleniumLibrary">
<var>@{list_type}</var>
<arg>${dictBTMC.typeOfGoldList}</arg>
<doc>Returns a list of WebElement objects matching the ``locator``.</doc>
<msg timestamp="20220710 17:47:47.303" level="INFO">@{list_type} = [ &lt;selenium.webdriver.firefox.webelement.FirefoxWebElement (session="3b04ab21-83fb-4858-a17a-1827dda9fa43", element="bc5d9613-d7c8-4240-a906-14e80fc7a993")&gt; | &lt;selenium.webdriver.firefox.webelement.Fi...</msg>
<status status="PASS" starttime="20220710 17:47:47.087" endtime="20220710 17:47:47.303"/>
</kw>
<kw name="Create List" library="BuiltIn">
<var>${type_of_gold}</var>
<doc>Returns a list containing given items.</doc>
<msg timestamp="20220710 17:47:47.304" level="INFO">${type_of_gold} = []</msg>
<status status="PASS" starttime="20220710 17:47:47.304" endtime="20220710 17:47:47.305"/>
</kw>
<for flavor="IN">
<var>${locator}</var>
<value>@{list_type}</value>
<iter>
<var name="${locator}">&lt;selenium.webdriver.firefox.webelement.FirefoxWebElement (session="3b04ab21-83fb-4858-a17a-1827dda9fa43", element="bc5d9613-d7c8-4240-a906-14e80fc7a993")&gt;</var>
<kw name="Get Text" library="SeleniumLibrary">
<var>${name}</var>
<arg>${locator}</arg>
<doc>Returns the text value of the element identified by ``locator``.</doc>
<msg timestamp="20220710 17:47:47.521" level="INFO">${name} = VÀNG MIẾNG VRTL</msg>
<status status="PASS" starttime="20220710 17:47:47.306" endtime="20220710 17:47:47.521"/>
</kw>
<kw name="Append To List" library="Collections">
<arg>${type_of_gold}</arg>
<arg>${name}</arg>
<doc>Adds ``values`` to the end of ``list``.</doc>
<status status="PASS" starttime="20220710 17:47:47.522" endtime="20220710 17:47:47.523"/>
</kw>
<status status="PASS" starttime="20220710 17:47:47.305" endtime="20220710 17:47:47.523"/>
</iter>
<iter>
<var name="${locator}">&lt;selenium.webdriver.firefox.webelement.FirefoxWebElement (session="3b04ab21-83fb-4858-a17a-1827dda9fa43", element="93f5b5ab-c04c-4359-b1f3-fab05476dc18")&gt;</var>
<kw name="Get Text" library="SeleniumLibrary">
<var>${name}</var>
<arg>${locator}</arg>
<doc>Returns the text value of the element identified by ``locator``.</doc>
<msg timestamp="20220710 17:47:47.751" level="INFO">${name} = NHẪN TRÒN TRƠN</msg>
<status status="PASS" starttime="20220710 17:47:47.524" endtime="20220710 17:47:47.751"/>
</kw>
<kw name="Append To List" library="Collections">
<arg>${type_of_gold}</arg>
<arg>${name}</arg>
<doc>Adds ``values`` to the end of ``list``.</doc>
<status status="PASS" starttime="20220710 17:47:47.752" endtime="20220710 17:47:47.753"/>
</kw>
<status status="PASS" starttime="20220710 17:47:47.523" endtime="20220710 17:47:47.753"/>
</iter>
<iter>
<var name="${locator}">&lt;selenium.webdriver.firefox.webelement.FirefoxWebElement (session="3b04ab21-83fb-4858-a17a-1827dda9fa43", element="ae5b9ac5-84b2-4f30-ba17-7735dc03d4b2")&gt;</var>
<kw name="Get Text" library="SeleniumLibrary">
<var>${name}</var>
<arg>${locator}</arg>
<doc>Returns the text value of the element identified by ``locator``.</doc>
<msg timestamp="20220710 17:47:47.969" level="INFO">${name} = QUÀ MỪNG
BẢN VỊ VÀNG</msg>
<status status="PASS" starttime="20220710 17:47:47.754" endtime="20220710 17:47:47.969"/>
</kw>
<kw name="Append To List" library="Collections">
<arg>${type_of_gold}</arg>
<arg>${name}</arg>
<doc>Adds ``values`` to the end of ``list``.</doc>
<status status="PASS" starttime="20220710 17:47:47.970" endtime="20220710 17:47:47.971"/>
</kw>
<status status="PASS" starttime="20220710 17:47:47.753" endtime="20220710 17:47:47.971"/>
</iter>
<iter>
<var name="${locator}">&lt;selenium.webdriver.firefox.webelement.FirefoxWebElement (session="3b04ab21-83fb-4858-a17a-1827dda9fa43", element="a6e217a1-a637-4a90-b7ca-065a4de5d75e")&gt;</var>
<kw name="Get Text" library="SeleniumLibrary">
<var>${name}</var>
<arg>${locator}</arg>
<doc>Returns the text value of the element identified by ``locator``.</doc>
<msg timestamp="20220710 17:47:48.202" level="INFO">${name} = VÀNG MIẾNG SJC</msg>
<status status="PASS" starttime="20220710 17:47:47.972" endtime="20220710 17:47:48.202"/>
</kw>
<kw name="Append To List" library="Collections">
<arg>${type_of_gold}</arg>
<arg>${name}</arg>
<doc>Adds ``values`` to the end of ``list``.</doc>
<status status="PASS" starttime="20220710 17:47:48.202" endtime="20220710 17:47:48.203"/>
</kw>
<status status="PASS" starttime="20220710 17:47:47.971" endtime="20220710 17:47:48.203"/>
</iter>
<iter>
<var name="${locator}">&lt;selenium.webdriver.firefox.webelement.FirefoxWebElement (session="3b04ab21-83fb-4858-a17a-1827dda9fa43", element="bbc949d1-09ab-4e20-a4f5-518fbe15d073")&gt;</var>
<kw name="Get Text" library="SeleniumLibrary">
<var>${name}</var>
<arg>${locator}</arg>
<doc>Returns the text value of the element identified by ``locator``.</doc>
<msg timestamp="20220710 17:47:48.420" level="INFO">${name} = VÀNG TRANG SỨC 999.9</msg>
<status status="PASS" starttime="20220710 17:47:48.203" endtime="20220710 17:47:48.420"/>
</kw>
<kw name="Append To List" library="Collections">
<arg>${type_of_gold}</arg>
<arg>${name}</arg>
<doc>Adds ``values`` to the end of ``list``.</doc>
<status status="PASS" starttime="20220710 17:47:48.421" endtime="20220710 17:47:48.422"/>
</kw>
<status status="PASS" starttime="20220710 17:47:48.203" endtime="20220710 17:47:48.422"/>
</iter>
<iter>
<var name="${locator}">&lt;selenium.webdriver.firefox.webelement.FirefoxWebElement (session="3b04ab21-83fb-4858-a17a-1827dda9fa43", element="d9f8071a-a44b-46be-8a5d-1791548e349a")&gt;</var>
<kw name="Get Text" library="SeleniumLibrary">
<var>${name}</var>
<arg>${locator}</arg>
<doc>Returns the text value of the element identified by ``locator``.</doc>
<msg timestamp="20220710 17:47:48.653" level="INFO">${name} = VÀNG TRANG SỨC 99.9</msg>
<status status="PASS" starttime="20220710 17:47:48.423" endtime="20220710 17:47:48.653"/>
</kw>
<kw name="Append To List" library="Collections">
<arg>${type_of_gold}</arg>
<arg>${name}</arg>
<doc>Adds ``values`` to the end of ``list``.</doc>
<status status="PASS" starttime="20220710 17:47:48.654" endtime="20220710 17:47:48.655"/>
</kw>
<status status="PASS" starttime="20220710 17:47:48.422" endtime="20220710 17:47:48.655"/>
</iter>
<iter>
<var name="${locator}">&lt;selenium.webdriver.firefox.webelement.FirefoxWebElement (session="3b04ab21-83fb-4858-a17a-1827dda9fa43", element="3e890ade-ebf4-42f3-bb04-fdb1de848559")&gt;</var>
<kw name="Get Text" library="SeleniumLibrary">
<var>${name}</var>
<arg>${locator}</arg>
<doc>Returns the text value of the element identified by ``locator``.</doc>
<msg timestamp="20220710 17:47:48.885" level="INFO">${name} = VÀNG HTBT</msg>
<status status="PASS" starttime="20220710 17:47:48.656" endtime="20220710 17:47:48.886"/>
</kw>
<kw name="Append To List" library="Collections">
<arg>${type_of_gold}</arg>
<arg>${name}</arg>
<doc>Adds ``values`` to the end of ``list``.</doc>
<status status="PASS" starttime="20220710 17:47:48.886" endtime="20220710 17:47:48.887"/>
</kw>
<status status="PASS" starttime="20220710 17:47:48.655" endtime="20220710 17:47:48.887"/>
</iter>
<iter>
<var name="${locator}">&lt;selenium.webdriver.firefox.webelement.FirefoxWebElement (session="3b04ab21-83fb-4858-a17a-1827dda9fa43", element="ed71784e-399e-4114-97f3-cd556412bbe1")&gt;</var>
<kw name="Get Text" library="SeleniumLibrary">
<var>${name}</var>
<arg>${locator}</arg>
<doc>Returns the text value of the element identified by ``locator``.</doc>
<msg timestamp="20220710 17:47:49.118" level="INFO">${name} = VÀNG NGUYÊN LIỆU</msg>
<status status="PASS" starttime="20220710 17:47:48.888" endtime="20220710 17:47:49.118"/>
</kw>
<kw name="Append To List" library="Collections">
<arg>${type_of_gold}</arg>
<arg>${name}</arg>
<doc>Adds ``values`` to the end of ``list``.</doc>
<status status="PASS" starttime="20220710 17:47:49.119" endtime="20220710 17:47:49.120"/>
</kw>
<status status="PASS" starttime="20220710 17:47:48.888" endtime="20220710 17:47:49.120"/>
</iter>
<status status="PASS" starttime="20220710 17:47:47.305" endtime="20220710 17:47:49.120"/>
</for>
<kw name="Length Should Be" library="BuiltIn">
<arg>${type_of_gold}</arg>
<arg>${8}</arg>
<doc>Verifies that the length of the given item is correct.</doc>
<msg timestamp="20220710 17:47:49.122" level="INFO">Length is 8</msg>
<status status="PASS" starttime="20220710 17:47:49.120" endtime="20220710 17:47:49.122"/>
</kw>
<kw name="Get Index From List" library="Collections">
<var>${index}</var>
<arg>${type_of_gold}</arg>
<arg>${type}</arg>
<doc>Returns the index of the first occurrence of the ``value`` on the list.</doc>
<msg timestamp="20220710 17:47:49.124" level="INFO">${index} = 4</msg>
<status status="PASS" starttime="20220710 17:47:49.123" endtime="20220710 17:47:49.124"/>
</kw>
<if>
<branch type="IF" condition="${index} &gt; -1">
<kw name="Evaluate" library="BuiltIn">
<var>${row_index}</var>
<arg>2+${index}</arg>
<doc>Evaluates the given expression in Python and returns the result.</doc>
<msg timestamp="20220710 17:47:49.126" level="INFO">${row_index} = 6</msg>
<status status="PASS" starttime="20220710 17:47:49.125" endtime="20220710 17:47:49.126"/>
</kw>
<kw name="Get Table Cell" library="SeleniumLibrary">
<var>${price}</var>
<arg>${dictBTMC.priceTable}</arg>
<arg>${row_index}</arg>
<arg>5</arg>
<doc>Returns contents of a table cell.</doc>
<msg timestamp="20220710 17:47:50.433" level="INFO">${price} = 5255</msg>
<status status="PASS" starttime="20220710 17:47:49.127" endtime="20220710 17:47:50.433"/>
</kw>
<kw name="Return From Keyword" library="BuiltIn">
<arg>${price}</arg>
<doc>Returns from the enclosing user keyword.</doc>
<msg timestamp="20220710 17:47:50.434" level="INFO">Returning from the enclosing user keyword.</msg>
<status status="PASS" starttime="20220710 17:47:50.434" endtime="20220710 17:47:50.436"/>
</kw>
<status status="PASS" starttime="20220710 17:47:49.125" endtime="20220710 17:47:50.436"/>
</branch>
<branch type="ELSE">
<kw name="Return From Keyword" library="BuiltIn">
<arg>Log</arg>
<arg>There is no ${type} in gold list</arg>
<doc>Returns from the enclosing user keyword.</doc>
<status status="NOT RUN" starttime="20220710 17:47:50.436" endtime="20220710 17:47:50.436"/>
</kw>
<status status="NOT RUN" starttime="20220710 17:47:50.436" endtime="20220710 17:47:50.437"/>
</branch>
<status status="PASS" starttime="20220710 17:47:49.124" endtime="20220710 17:47:50.437"/>
</if>
<msg timestamp="20220710 17:47:50.438" level="INFO">${price} = 5255</msg>
<status status="PASS" starttime="20220710 17:47:46.393" endtime="20220710 17:47:50.438"/>
</kw>
<kw name="Evaluate" library="BuiltIn">
<var>${price_1_ounce}</var>
<arg>10*${price_unit}*${price}</arg>
<doc>Evaluates the given expression in Python and returns the result.</doc>
<msg timestamp="20220710 17:47:50.439" level="INFO">${price_1_ounce} = 52550000</msg>
<status status="PASS" starttime="20220710 17:47:50.438" endtime="20220710 17:47:50.439"/>
</kw>
<msg timestamp="20220710 17:47:50.440" level="INFO">${price2} = 52550000</msg>
<status status="PASS" starttime="20220710 17:47:45.269" endtime="20220710 17:47:50.440"/>
</kw>
<if>
<branch type="IF" condition="${price1} &gt; ${price2}">
<kw name="Log" library="BuiltIn">
<arg>Price of ${gold1} is higher than price of ${gold2}</arg>
<doc>Logs the given message with the given level.</doc>
<msg timestamp="20220710 17:47:50.442" level="INFO">Price of VÀNG MIẾNG SJC is higher than price of VÀNG TRANG SỨC 999.9</msg>
<status status="PASS" starttime="20220710 17:47:50.441" endtime="20220710 17:47:50.442"/>
</kw>
<status status="PASS" starttime="20220710 17:47:50.441" endtime="20220710 17:47:50.443"/>
</branch>
<branch type="ELSE IF" condition="${price1} &lt; ${price2}">
<kw name="Log" library="BuiltIn">
<arg>Price of ${gold2} is higher than price of ${gold1}</arg>
<doc>Logs the given message with the given level.</doc>
<status status="NOT RUN" starttime="20220710 17:47:50.443" endtime="20220710 17:47:50.443"/>
</kw>
<status status="NOT RUN" starttime="20220710 17:47:50.443" endtime="20220710 17:47:50.444"/>
</branch>
<branch type="ELSE">
<kw name="Log" library="BuiltIn">
<arg>Price of ${gold1} is equal price of ${gold2}</arg>
<doc>Logs the given message with the given level.</doc>
<status status="NOT RUN" starttime="20220710 17:47:50.444" endtime="20220710 17:47:50.444"/>
</kw>
<status status="NOT RUN" starttime="20220710 17:47:50.444" endtime="20220710 17:47:50.445"/>
</branch>
<status status="PASS" starttime="20220710 17:47:50.440" endtime="20220710 17:47:50.445"/>
</if>
<status status="PASS" starttime="20220710 17:47:39.950" endtime="20220710 17:47:50.445"/>
</kw>
<status status="PASS" starttime="20220710 17:47:39.949" endtime="20220710 17:47:50.446"/>
</kw>
<kw name="Close Web Page" library="common_keywords">
<kw name="Close Browser" library="SeleniumLibrary">
<doc>Closes the current browser.</doc>
<status status="PASS" starttime="20220710 17:47:50.448" endtime="20220710 17:47:51.336"/>
</kw>
<status status="PASS" starttime="20220710 17:47:50.446" endtime="20220710 17:47:51.337"/>
</kw>
<status status="PASS" starttime="20220710 17:44:23.588" endtime="20220710 17:47:51.338"/>
</test>
<status status="PASS" starttime="20220710 17:44:23.429" endtime="20220710 17:47:51.342"/>
</suite>
<suite id="s1-s2" name="TC 02" source="C:\Users\haittd\Documents\hai\automation\test\testcases\TC_02.robot">
<test id="s1-s2-t1" name="TC2: Compare price between world gold price with SJC gold price" line="24">
<kw name="Open Web Page" library="common_keywords">
<arg>${url.btmc}</arg>
<kw name="Open Browser" library="SeleniumLibrary">
<arg>${url}</arg>
<arg>ff</arg>
<doc>Opens a new browser instance to the optional ``url``.</doc>
<msg timestamp="20220710 17:47:51.386" level="INFO">Opening browser 'ff' to base url 'https://btmc.vn/'.</msg>
<msg timestamp="20220710 17:47:51.387" level="INFO">Firefox driver log is always forced to to: C:\Users\haittd\Documents\hai\automation\test\results\geckodriver-2.log</msg>
<status status="PASS" starttime="20220710 17:47:51.385" endtime="20220710 17:51:07.691"/>
</kw>
<kw name="Set Selenium Speed" library="SeleniumLibrary">
<arg>0.2</arg>
<doc>Sets the delay that is waited after each Selenium command.</doc>
<status status="PASS" starttime="20220710 17:51:07.692" endtime="20220710 17:51:07.693"/>
</kw>
<kw name="Maximize Browser Window" library="SeleniumLibrary">
<doc>Maximizes current browser window.</doc>
<status status="PASS" starttime="20220710 17:51:07.693" endtime="20220710 17:51:07.922"/>
</kw>
<status status="PASS" starttime="20220710 17:47:51.384" endtime="20220710 17:51:07.922"/>
</kw>
<kw name="Calculate price of 1 ounce" library="btmc">
<var>${price1}</var>
<arg>${type.sjc}</arg>
<kw name="Get unit price" library="btmc">
<var>${price_unit}</var>
<kw name="Verify price unit is visible" library="btmc">
<kw name="Verify Element Is Visible" library="common_keywords">
<arg>${dictBTMC.priceUnit}</arg>
<kw name="Wait Until Page Contains Element" library="SeleniumLibrary">
<arg>${locator}</arg>
<arg>timeout=${TIMEOUT}</arg>
<doc>Waits until the element ``locator`` appears on the current page.</doc>
<status status="PASS" starttime="20220710 17:51:07.932" endtime="20220710 17:51:08.171"/>
</kw>
<kw name="Wait Until Element Is Visible" library="SeleniumLibrary">
<arg>${locator}</arg>
<arg>timeout=${TIMEOUT}</arg>
<doc>Waits until the element ``locator`` is visible.</doc>
<status status="PASS" starttime="20220710 17:51:08.171" endtime="20220710 17:51:08.654"/>
</kw>
<status status="PASS" starttime="20220710 17:51:07.929" endtime="20220710 17:51:08.654"/>
</kw>
<status status="PASS" starttime="20220710 17:51:07.928" endtime="20220710 17:51:08.655"/>
</kw>
<kw name="Get Text" library="SeleniumLibrary">
<var>${text_price_unit}</var>
<arg>${dictBTMC.priceUnit}</arg>
<doc>Returns the text value of the element identified by ``locator``.</doc>
<msg timestamp="20220710 17:51:09.145" level="INFO">${text_price_unit} = GIÁ VÀNG KHU VỰC HÀ NỘI (Hanoi’s Gold Price) ĐVT 1 = 1.000 VNĐ</msg>
<status status="PASS" starttime="20220710 17:51:08.655" endtime="20220710 17:51:09.145"/>
</kw>
<kw name="Get Substring" library="String">
<var>${price_unit}</var>
<arg>${text_price_unit}</arg>
<arg>-9</arg>
<doc>Returns a substring from ``start`` index to ``end`` index.</doc>
<msg timestamp="20220710 17:51:09.147" level="INFO">${price_unit} = 1.000 VNĐ</msg>
<status status="PASS" starttime="20220710 17:51:09.146" endtime="20220710 17:51:09.147"/>
</kw>
<kw name="Remove String" library="String">
<var>${price_unit}</var>
<arg>${price_unit}</arg>
<arg>.</arg>
<arg>VNĐ</arg>
<doc>Removes all ``removables`` from the given ``string``.</doc>
<msg timestamp="20220710 17:51:09.148" level="INFO">${price_unit} = 1000 </msg>
<status status="PASS" starttime="20220710 17:51:09.147" endtime="20220710 17:51:09.148"/>
</kw>
<kw name="Convert To Number" library="BuiltIn">
<arg>${price_unit}</arg>
<doc>Converts the given item to a floating point number.</doc>
<status status="PASS" starttime="20220710 17:51:09.149" endtime="20220710 17:51:09.150"/>
</kw>
<msg timestamp="20220710 17:51:09.150" level="INFO">${price_unit} = 1000 </msg>
<status status="PASS" starttime="20220710 17:51:07.927" endtime="20220710 17:51:09.151"/>
</kw>
<kw name="Get price of 1/10 ounce" library="btmc">
<var>${price}</var>
<arg>${type}</arg>
<kw name="Verify price table is visible" library="btmc">
<kw name="Verify Element Is Visible" library="common_keywords">
<arg>${dictBTMC.priceTable}</arg>
<kw name="Wait Until Page Contains Element" library="SeleniumLibrary">
<arg>${locator}</arg>
<arg>timeout=${TIMEOUT}</arg>
<doc>Waits until the element ``locator`` appears on the current page.</doc>
<status status="PASS" starttime="20220710 17:51:09.156" endtime="20220710 17:51:09.379"/>
</kw>
<kw name="Wait Until Element Is Visible" library="SeleniumLibrary">
<arg>${locator}</arg>
<arg>timeout=${TIMEOUT}</arg>
<doc>Waits until the element ``locator`` is visible.</doc>
<status status="PASS" starttime="20220710 17:51:09.379" endtime="20220710 17:51:09.870"/>
</kw>
<status status="PASS" starttime="20220710 17:51:09.153" endtime="20220710 17:51:09.870"/>
</kw>
<status status="PASS" starttime="20220710 17:51:09.152" endtime="20220710 17:51:09.871"/>
</kw>
<kw name="Get WebElements" library="SeleniumLibrary">
<var>@{list_type}</var>
<arg>${dictBTMC.typeOfGoldList}</arg>
<doc>Returns a list of WebElement objects matching the ``locator``.</doc>
<msg timestamp="20220710 17:51:10.103" level="INFO">@{list_type} = [ &lt;selenium.webdriver.firefox.webelement.FirefoxWebElement (session="ea229afa-0e47-4991-84ce-cc2bd950e416", element="7fc6ab83-209f-4da5-bff7-48a548835c7e")&gt; | &lt;selenium.webdriver.firefox.webelement.Fi...</msg>
<status status="PASS" starttime="20220710 17:51:09.871" endtime="20220710 17:51:10.103"/>
</kw>
<kw name="Create List" library="BuiltIn">
<var>${type_of_gold}</var>
<doc>Returns a list containing given items.</doc>
<msg timestamp="20220710 17:51:10.105" level="INFO">${type_of_gold} = []</msg>
<status status="PASS" starttime="20220710 17:51:10.104" endtime="20220710 17:51:10.105"/>
</kw>
<for flavor="IN">
<var>${locator}</var>
<value>@{list_type}</value>
<iter>
<var name="${locator}">&lt;selenium.webdriver.firefox.webelement.FirefoxWebElement (session="ea229afa-0e47-4991-84ce-cc2bd950e416", element="7fc6ab83-209f-4da5-bff7-48a548835c7e")&gt;</var>
<kw name="Get Text" library="SeleniumLibrary">
<var>${name}</var>
<arg>${locator}</arg>
<doc>Returns the text value of the element identified by ``locator``.</doc>
<msg timestamp="20220710 17:51:10.332" level="INFO">${name} = VÀNG MIẾNG VRTL</msg>
<status status="PASS" starttime="20220710 17:51:10.106" endtime="20220710 17:51:10.332"/>
</kw>
<kw name="Append To List" library="Collections">
<arg>${type_of_gold}</arg>
<arg>${name}</arg>
<doc>Adds ``values`` to the end of ``list``.</doc>
<status status="PASS" starttime="20220710 17:51:10.333" endtime="20220710 17:51:10.334"/>
</kw>
<status status="PASS" starttime="20220710 17:51:10.106" endtime="20220710 17:51:10.334"/>
</iter>
<iter>
<var name="${locator}">&lt;selenium.webdriver.firefox.webelement.FirefoxWebElement (session="ea229afa-0e47-4991-84ce-cc2bd950e416", element="2c6316f4-ee78-4813-93cb-3210e5a3794c")&gt;</var>
<kw name="Get Text" library="SeleniumLibrary">
<var>${name}</var>
<arg>${locator}</arg>
<doc>Returns the text value of the element identified by ``locator``.</doc>
<msg timestamp="20220710 17:51:10.564" level="INFO">${name} = NHẪN TRÒN TRƠN</msg>
<status status="PASS" starttime="20220710 17:51:10.335" endtime="20220710 17:51:10.564"/>
</kw>
<kw name="Append To List" library="Collections">
<arg>${type_of_gold}</arg>
<arg>${name}</arg>
<doc>Adds ``values`` to the end of ``list``.</doc>
<status status="PASS" starttime="20220710 17:51:10.565" endtime="20220710 17:51:10.566"/>
</kw>
<status status="PASS" starttime="20220710 17:51:10.334" endtime="20220710 17:51:10.566"/>
</iter>
<iter>
<var name="${locator}">&lt;selenium.webdriver.firefox.webelement.FirefoxWebElement (session="ea229afa-0e47-4991-84ce-cc2bd950e416", element="84a7f2cc-7d02-4304-bbe4-c47a68588e36")&gt;</var>
<kw name="Get Text" library="SeleniumLibrary">
<var>${name}</var>
<arg>${locator}</arg>
<doc>Returns the text value of the element identified by ``locator``.</doc>
<msg timestamp="20220710 17:51:10.795" level="INFO">${name} = QUÀ MỪNG
BẢN VỊ VÀNG</msg>
<status status="PASS" starttime="20220710 17:51:10.567" endtime="20220710 17:51:10.795"/>
</kw>
<kw name="Append To List" library="Collections">
<arg>${type_of_gold}</arg>
<arg>${name}</arg>
<doc>Adds ``values`` to the end of ``list``.</doc>
<status status="PASS" starttime="20220710 17:51:10.796" endtime="20220710 17:51:10.797"/>
</kw>
<status status="PASS" starttime="20220710 17:51:10.566" endtime="20220710 17:51:10.797"/>
</iter>
<iter>
<var name="${locator}">&lt;selenium.webdriver.firefox.webelement.FirefoxWebElement (session="ea229afa-0e47-4991-84ce-cc2bd950e416", element="aa336a15-869d-4ac5-9026-4544a46a6e0d")&gt;</var>
<kw name="Get Text" library="SeleniumLibrary">
<var>${name}</var>
<arg>${locator}</arg>
<doc>Returns the text value of the element identified by ``locator``.</doc>
<msg timestamp="20220710 17:51:11.027" level="INFO">${name} = VÀNG MIẾNG SJC</msg>
<status status="PASS" starttime="20220710 17:51:10.798" endtime="20220710 17:51:11.027"/>
</kw>
<kw name="Append To List" library="Collections">
<arg>${type_of_gold}</arg>
<arg>${name}</arg>
<doc>Adds ``values`` to the end of ``list``.</doc>
<status status="PASS" starttime="20220710 17:51:11.028" endtime="20220710 17:51:11.029"/>
</kw>
<status status="PASS" starttime="20220710 17:51:10.797" endtime="20220710 17:51:11.029"/>
</iter>
<iter>
<var name="${locator}">&lt;selenium.webdriver.firefox.webelement.FirefoxWebElement (session="ea229afa-0e47-4991-84ce-cc2bd950e416", element="047369d0-e643-47f9-a858-4eecc3a50698")&gt;</var>
<kw name="Get Text" library="SeleniumLibrary">
<var>${name}</var>
<arg>${locator}</arg>
<doc>Returns the text value of the element identified by ``locator``.</doc>
<msg timestamp="20220710 17:51:11.259" level="INFO">${name} = VÀNG TRANG SỨC 999.9</msg>
<status status="PASS" starttime="20220710 17:51:11.029" endtime="20220710 17:51:11.259"/>
</kw>
<kw name="Append To List" library="Collections">
<arg>${type_of_gold}</arg>
<arg>${name}</arg>
<doc>Adds ``values`` to the end of ``list``.</doc>
<status status="PASS" starttime="20220710 17:51:11.260" endtime="20220710 17:51:11.261"/>
</kw>
<status status="PASS" starttime="20220710 17:51:11.029" endtime="20220710 17:51:11.261"/>
</iter>
<iter>
<var name="${locator}">&lt;selenium.webdriver.firefox.webelement.FirefoxWebElement (session="ea229afa-0e47-4991-84ce-cc2bd950e416", element="1954e02f-69c8-4751-a298-7a8569dbaa6e")&gt;</var>
<kw name="Get Text" library="SeleniumLibrary">
<var>${name}</var>
<arg>${locator}</arg>
<doc>Returns the text value of the element identified by ``locator``.</doc>
<msg timestamp="20220710 17:51:11.478" level="INFO">${name} = VÀNG TRANG SỨC 99.9</msg>
<status status="PASS" starttime="20220710 17:51:11.261" endtime="20220710 17:51:11.478"/>
</kw>
<kw name="Append To List" library="Collections">
<arg>${type_of_gold}</arg>
<arg>${name}</arg>
<doc>Adds ``values`` to the end of ``list``.</doc>
<status status="PASS" starttime="20220710 17:51:11.479" endtime="20220710 17:51:11.480"/>
</kw>
<status status="PASS" starttime="20220710 17:51:11.261" endtime="20220710 17:51:11.480"/>
</iter>
<iter>
<var name="${locator}">&lt;selenium.webdriver.firefox.webelement.FirefoxWebElement (session="ea229afa-0e47-4991-84ce-cc2bd950e416", element="0e082599-4f7e-4e06-b699-84e2a537959b")&gt;</var>
<kw name="Get Text" library="SeleniumLibrary">
<var>${name}</var>
<arg>${locator}</arg>
<doc>Returns the text value of the element identified by ``locator``.</doc>
<msg timestamp="20220710 17:51:11.710" level="INFO">${name} = VÀNG HTBT</msg>
<status status="PASS" starttime="20220710 17:51:11.480" endtime="20220710 17:51:11.710"/>
</kw>
<kw name="Append To List" library="Collections">
<arg>${type_of_gold}</arg>
<arg>${name}</arg>
<doc>Adds ``values`` to the end of ``list``.</doc>
<status status="PASS" starttime="20220710 17:51:11.711" endtime="20220710 17:51:11.712"/>
</kw>
<status status="PASS" starttime="20220710 17:51:11.480" endtime="20220710 17:51:11.712"/>
</iter>
<iter>
<var name="${locator}">&lt;selenium.webdriver.firefox.webelement.FirefoxWebElement (session="ea229afa-0e47-4991-84ce-cc2bd950e416", element="4c41ae37-71a9-4132-996c-62ff596f4fe7")&gt;</var>
<kw name="Get Text" library="SeleniumLibrary">
<var>${name}</var>
<arg>${locator}</arg>
<doc>Returns the text value of the element identified by ``locator``.</doc>
<msg timestamp="20220710 17:51:11.943" level="INFO">${name} = VÀNG NGUYÊN LIỆU</msg>
<status status="PASS" starttime="20220710 17:51:11.713" endtime="20220710 17:51:11.943"/>
</kw>
<kw name="Append To List" library="Collections">
<arg>${type_of_gold}</arg>
<arg>${name}</arg>
<doc>Adds ``values`` to the end of ``list``.</doc>
<status status="PASS" starttime="20220710 17:51:11.944" endtime="20220710 17:51:11.945"/>
</kw>
<status status="PASS" starttime="20220710 17:51:11.712" endtime="20220710 17:51:11.945"/>
</iter>
<status status="PASS" starttime="20220710 17:51:10.105" endtime="20220710 17:51:11.945"/>
</for>
<kw name="Length Should Be" library="BuiltIn">
<arg>${type_of_gold}</arg>
<arg>${8}</arg>
<doc>Verifies that the length of the given item is correct.</doc>
<msg timestamp="20220710 17:51:11.947" level="INFO">Length is 8</msg>
<status status="PASS" starttime="20220710 17:51:11.945" endtime="20220710 17:51:11.947"/>
</kw>
<kw name="Get Index From List" library="Collections">
<var>${index}</var>
<arg>${type_of_gold}</arg>
<arg>${type}</arg>
<doc>Returns the index of the first occurrence of the ``value`` on the list.</doc>
<msg timestamp="20220710 17:51:11.949" level="INFO">${index} = 3</msg>
<status status="PASS" starttime="20220710 17:51:11.948" endtime="20220710 17:51:11.949"/>
</kw>
<if>
<branch type="IF" condition="${index} &gt; -1">
<kw name="Evaluate" library="BuiltIn">
<var>${row_index}</var>
<arg>2+${index}</arg>
<doc>Evaluates the given expression in Python and returns the result.</doc>
<msg timestamp="20220710 17:51:11.951" level="INFO">${row_index} = 5</msg>
<status status="PASS" starttime="20220710 17:51:11.950" endtime="20220710 17:51:11.951"/>
</kw>
<kw name="Get Table Cell" library="SeleniumLibrary">
<var>${price}</var>
<arg>${dictBTMC.priceTable}</arg>
<arg>${row_index}</arg>
<arg>5</arg>
<doc>Returns contents of a table cell.</doc>
<msg timestamp="20220710 17:51:13.271" level="INFO">${price} = 6854</msg>
<status status="PASS" starttime="20220710 17:51:11.952" endtime="20220710 17:51:13.271"/>
</kw>
<kw name="Return From Keyword" library="BuiltIn">
<arg>${price}</arg>
<doc>Returns from the enclosing user keyword.</doc>
<msg timestamp="20220710 17:51:13.272" level="INFO">Returning from the enclosing user keyword.</msg>
<status status="PASS" starttime="20220710 17:51:13.272" endtime="20220710 17:51:13.273"/>
</kw>
<status status="PASS" starttime="20220710 17:51:11.950" endtime="20220710 17:51:13.274"/>
</branch>
<branch type="ELSE">
<kw name="Return From Keyword" library="BuiltIn">
<arg>Log</arg>
<arg>There is no ${type} in gold list</arg>
<doc>Returns from the enclosing user keyword.</doc>
<status status="NOT RUN" starttime="20220710 17:51:13.274" endtime="20220710 17:51:13.275"/>
</kw>
<status status="NOT RUN" starttime="20220710 17:51:13.274" endtime="20220710 17:51:13.275"/>
</branch>
<status status="PASS" starttime="20220710 17:51:11.949" endtime="20220710 17:51:13.275"/>
</if>
<msg timestamp="20220710 17:51:13.276" level="INFO">${price} = 6854</msg>
<status status="PASS" starttime="20220710 17:51:09.151" endtime="20220710 17:51:13.276"/>
</kw>
<kw name="Evaluate" library="BuiltIn">
<var>${price_1_ounce}</var>
<arg>10*${price_unit}*${price}</arg>
<doc>Evaluates the given expression in Python and returns the result.</doc>
<msg timestamp="20220710 17:51:13.277" level="INFO">${price_1_ounce} = 68540000</msg>
<status status="PASS" starttime="20220710 17:51:13.276" endtime="20220710 17:51:13.277"/>
</kw>
<msg timestamp="20220710 17:51:13.278" level="INFO">${price1} = 68540000</msg>
<status status="PASS" starttime="20220710 17:51:07.924" endtime="20220710 17:51:13.278"/>
</kw>
<kw name="Open Web Page" library="common_keywords">
<arg>${url.gp}</arg>
<kw name="Open Browser" library="SeleniumLibrary">
<arg>${url}</arg>
<arg>ff</arg>
<doc>Opens a new browser instance to the optional ``url``.</doc>
<msg timestamp="20220710 17:51:13.283" level="INFO">Opening browser 'ff' to base url 'https://goldprice.org/'.</msg>
<msg timestamp="20220710 17:51:13.286" level="INFO">Firefox driver log is always forced to to: C:\Users\haittd\Documents\hai\automation\test\results\geckodriver-3.log</msg>
<status status="PASS" starttime="20220710 17:51:13.282" endtime="20220710 17:51:19.951"/>
</kw>
<kw name="Set Selenium Speed" library="SeleniumLibrary">
<arg>0.2</arg>
<doc>Sets the delay that is waited after each Selenium command.</doc>
<status status="PASS" starttime="20220710 17:51:19.951" endtime="20220710 17:51:19.952"/>
</kw>
<kw name="Maximize Browser Window" library="SeleniumLibrary">
<doc>Maximizes current browser window.</doc>
<status status="PASS" starttime="20220710 17:51:19.952" endtime="20220710 17:51:20.420"/>
</kw>
<status status="PASS" starttime="20220710 17:51:13.280" endtime="20220710 17:51:20.420"/>
</kw>
<kw name="Get gold price 1 ounce" library="goldprice">
<var>${price2}</var>
<arg>&amp;{option1}</arg>
<kw name="Verify select gold price by country and weight" library="goldprice">
<arg>&amp;{dict}</arg>
<kw name="Verify select item from drop down list by label" library="goldprice">
<arg>${dictGP.goldSilverList}</arg>
<arg>${dict.goldSilver}</arg>
<kw name="Verify Element Is Visible" library="common_keywords">
<arg>${list}</arg>
<kw name="Wait Until Page Contains Element" library="SeleniumLibrary">
<arg>${locator}</arg>
<arg>timeout=${TIMEOUT}</arg>
<doc>Waits until the element ``locator`` appears on the current page.</doc>
<status status="PASS" starttime="20220710 17:51:20.425" endtime="20220710 17:51:20.637"/>
</kw>
<kw name="Wait Until Element Is Visible" library="SeleniumLibrary">
<arg>${locator}</arg>
<arg>timeout=${TIMEOUT}</arg>
<doc>Waits until the element ``locator`` is visible.</doc>
<status status="PASS" starttime="20220710 17:51:20.638" endtime="20220710 17:51:21.121"/>
</kw>
<status status="PASS" starttime="20220710 17:51:20.424" endtime="20220710 17:51:21.122"/>
</kw>
<kw name="Select From List By Label" library="SeleniumLibrary">
<arg>${list}</arg>
<arg>${value}</arg>
<doc>Selects options from selection list ``locator`` by ``labels``.</doc>
<msg timestamp="20220710 17:51:21.123" level="INFO">Selecting options from selection list 'xpath=//div[@id='goldchange']//select[@class='form-control gold-silver']' by label Gold.</msg>
<status status="PASS" starttime="20220710 17:51:21.122" endtime="20220710 17:51:22.448"/>
</kw>
<kw name="List Selection Should Be" library="SeleniumLibrary">
<arg>${list}</arg>
<arg>${value}</arg>
<doc>Verifies selection list ``locator`` has ``expected`` options selected.</doc>
<msg timestamp="20220710 17:51:22.450" level="INFO">Verifying list 'xpath=//div[@id='goldchange']//select[@class='form-control gold-silver']' has option [ Gold ] selected.</msg>
<msg timestamp="20220710 17:51:22.879" level="INFO">Current page contains list 'xpath=//div[@id='goldchange']//select[@class='form-control gold-silver']'.</msg>
<status status="PASS" starttime="20220710 17:51:22.448" endtime="20220710 17:51:24.920"/>
</kw>
<status status="PASS" starttime="20220710 17:51:20.423" endtime="20220710 17:51:24.921"/>
</kw>
<kw name="Verify select item from drop down list by value" library="goldprice">
<arg>${dictGP.countryList}</arg>
<arg>${dict.country}</arg>
<kw name="Verify Element Is Visible" library="common_keywords">
<arg>${list}</arg>
<kw name="Wait Until Page Contains Element" library="SeleniumLibrary">
<arg>${locator}</arg>
<arg>timeout=${TIMEOUT}</arg>
<doc>Waits until the element ``locator`` appears on the current page.</doc>
<status status="PASS" starttime="20220710 17:51:24.927" endtime="20220710 17:51:25.150"/>
</kw>
<kw name="Wait Until Element Is Visible" library="SeleniumLibrary">
<arg>${locator}</arg>
<arg>timeout=${TIMEOUT}</arg>
<doc>Waits until the element ``locator`` is visible.</doc>
<status status="PASS" starttime="20220710 17:51:25.150" endtime="20220710 17:51:25.578"/>
</kw>
<status status="PASS" starttime="20220710 17:51:24.925" endtime="20220710 17:51:25.578"/>
</kw>
<kw name="Select From List By Value" library="SeleniumLibrary">
<arg>${list}</arg>
<arg>${value}</arg>
<doc>Selects options from selection list ``locator`` by ``values``.</doc>
<msg timestamp="20220710 17:51:25.578" level="INFO">Selecting options from selection list 'xpath=//div[@id='goldchange']//select[@class='form-control country']' by value VND.</msg>
<status status="PASS" starttime="20220710 17:51:25.578" endtime="20220710 17:51:27.309"/>
</kw>
<kw name="List Selection Should Be" library="SeleniumLibrary">
<arg>${list}</arg>
<arg>${value}</arg>
<doc>Verifies selection list ``locator`` has ``expected`` options selected.</doc>
<msg timestamp="20220710 17:51:27.310" level="INFO">Verifying list 'xpath=//div[@id='goldchange']//select[@class='form-control country']' has option [ VND ] selected.</msg>
<msg timestamp="20220710 17:51:27.757" level="INFO">Current page contains list 'xpath=//div[@id='goldchange']//select[@class='form-control country']'.</msg>
<status status="PASS" starttime="20220710 17:51:27.309" endtime="20220710 17:52:03.695"/>
</kw>
<status status="PASS" starttime="20220710 17:51:24.921" endtime="20220710 17:52:03.696"/>
</kw>
<kw name="Verify select item from drop down list by label" library="goldprice">
<arg>${dictGP.weightList}</arg>
<arg>${dict.weight}</arg>
<kw name="Verify Element Is Visible" library="common_keywords">
<arg>${list}</arg>
<kw name="Wait Until Page Contains Element" library="SeleniumLibrary">
<arg>${locator}</arg>
<arg>timeout=${TIMEOUT}</arg>
<doc>Waits until the element ``locator`` appears on the current page.</doc>
<status status="PASS" starttime="20220710 17:52:03.702" endtime="20220710 17:52:03.926"/>
</kw>
<kw name="Wait Until Element Is Visible" library="SeleniumLibrary">
<arg>${locator}</arg>
<arg>timeout=${TIMEOUT}</arg>
<doc>Waits until the element ``locator`` is visible.</doc>
<status status="PASS" starttime="20220710 17:52:03.926" endtime="20220710 17:52:04.387"/>
</kw>
<status status="PASS" starttime="20220710 17:52:03.700" endtime="20220710 17:52:04.387"/>
</kw>
<kw name="Select From List By Label" library="SeleniumLibrary">
<arg>${list}</arg>
<arg>${value}</arg>
<doc>Selects options from selection list ``locator`` by ``labels``.</doc>
<msg timestamp="20220710 17:52:04.389" level="INFO">Selecting options from selection list 'xpath=//div[@id='goldchange']//select[@class='form-control kg']' by label oz.</msg>
<status status="PASS" starttime="20220710 17:52:04.388" endtime="20220710 17:52:05.688"/>
</kw>
<kw name="List Selection Should Be" library="SeleniumLibrary">
<arg>${list}</arg>
<arg>${value}</arg>
<doc>Verifies selection list ``locator`` has ``expected`` options selected.</doc>
<msg timestamp="20220710 17:52:05.690" level="INFO">Verifying list 'xpath=//div[@id='goldchange']//select[@class='form-control kg']' has option [ oz ] selected.</msg>
<msg timestamp="20220710 17:52:06.115" level="INFO">Current page contains list 'xpath=//div[@id='goldchange']//select[@class='form-control kg']'.</msg>
<status status="PASS" starttime="20220710 17:52:05.689" endtime="20220710 17:52:08.296"/>
</kw>
<status status="PASS" starttime="20220710 17:52:03.696" endtime="20220710 17:52:08.296"/>
</kw>
<status status="PASS" starttime="20220710 17:51:20.422" endtime="20220710 17:52:08.297"/>
</kw>
<kw name="Get Text" library="SeleniumLibrary">
<var>${price}</var>
<arg>${dictGP.price}</arg>
<doc>Returns the text value of the element identified by ``locator``.</doc>
<msg timestamp="20220710 17:52:08.740" level="INFO">${price} = 40,696,823.34</msg>
<status status="PASS" starttime="20220710 17:52:08.297" endtime="20220710 17:52:08.740"/>
</kw>
<kw name="Remove String" library="String">
<var>${price}</var>
<arg>${price}</arg>
<arg>,</arg>
<doc>Removes all ``removables`` from the given ``string``.</doc>
<msg timestamp="20220710 17:52:08.742" level="INFO">${price} = 40696823.34</msg>
<status status="PASS" starttime="20220710 17:52:08.741" endtime="20220710 17:52:08.742"/>
</kw>
<kw name="Convert To Number" library="BuiltIn">
<arg>${price}</arg>
<doc>Converts the given item to a floating point number.</doc>
<status status="PASS" starttime="20220710 17:52:08.742" endtime="20220710 17:52:08.743"/>
</kw>
<msg timestamp="20220710 17:52:08.744" level="INFO">${price2} = 40696823.34</msg>
<status status="PASS" starttime="20220710 17:51:20.421" endtime="20220710 17:52:08.744"/>
</kw>
<kw name="Compare price between gold price and SJC price">
<arg>${type.sjc}</arg>
<arg>${option1.goldSilver}</arg>
<arg>${price1}</arg>
<arg>${price2}</arg>
<if>
<branch type="IF" condition="${price1} &gt; ${price2}">
<kw name="Log" library="BuiltIn">
<arg>Price of ${gold1} is higher than price of ${gold2}</arg>
<doc>Logs the given message with the given level.</doc>
<msg timestamp="20220710 17:52:08.751" level="INFO">Price of VÀNG MIẾNG SJC is higher than price of Gold</msg>
<status status="PASS" starttime="20220710 17:52:08.751" endtime="20220710 17:52:08.752"/>
</kw>
<status status="PASS" starttime="20220710 17:52:08.750" endtime="20220710 17:52:08.752"/>
</branch>
<branch type="ELSE IF" condition="${price1} &lt; ${price2}">
<kw name="Log" library="BuiltIn">
<arg>Price of ${gold2} is higher than price of ${gold1}</arg>
<doc>Logs the given message with the given level.</doc>
<status status="NOT RUN" starttime="20220710 17:52:08.752" endtime="20220710 17:52:08.753"/>
</kw>
<status status="NOT RUN" starttime="20220710 17:52:08.752" endtime="20220710 17:52:08.753"/>
</branch>
<branch type="ELSE">
<kw name="Log" library="BuiltIn">
<arg>Price of ${gold1} is equal price of ${gold2}</arg>
<doc>Logs the given message with the given level.</doc>
<status status="NOT RUN" starttime="20220710 17:52:08.753" endtime="20220710 17:52:08.753"/>
</kw>
<status status="NOT RUN" starttime="20220710 17:52:08.753" endtime="20220710 17:52:08.753"/>
</branch>
<status status="PASS" starttime="20220710 17:52:08.750" endtime="20220710 17:52:08.754"/>
</if>
<status status="PASS" starttime="20220710 17:52:08.745" endtime="20220710 17:52:08.754"/>
</kw>
<kw name="Close All Browsers" library="SeleniumLibrary">
<doc>Closes all open browsers and resets the browser cache.</doc>
<status status="PASS" starttime="20220710 17:52:08.755" endtime="20220710 17:52:10.545"/>
</kw>
<status status="PASS" starttime="20220710 17:47:51.383" endtime="20220710 17:52:10.547"/>
</test>
<status status="PASS" starttime="20220710 17:47:51.347" endtime="20220710 17:52:10.551"/>
</suite>
<status status="PASS" starttime="20220710 17:44:23.412" endtime="20220710 17:52:10.558"/>
</suite>
<statistics>
<total>
<stat pass="2" fail="0" skip="0">All Tests</stat>
</total>
<tag>
</tag>
<suite>
<stat pass="2" fail="0" skip="0" id="s1" name="Testcases">Testcases</stat>
<stat pass="1" fail="0" skip="0" id="s1-s1" name="TC 01">Testcases.TC 01</stat>
<stat pass="1" fail="0" skip="0" id="s1-s2" name="TC 02">Testcases.TC 02</stat>
</suite>
</statistics>
<errors>
</errors>
</robot>
